[16:02:57] [ServerMain/INFO]: Environment: authHost='https://authserver.mojang.com', accountsHost='https://api.mojang.com', sessionHost='https://sessionserver.mojang.com', servicesHost='https://api.minecraftservices.com', name='PROD'
[16:02:58] [ServerMain/INFO]: Loaded 7 recipes
[16:02:58] [ServerMain/INFO]: Loaded 1271 advancements
[16:02:59] [Server thread/INFO]: Starting minecraft server version 1.20.1
[16:02:59] [Server thread/INFO]: Loading properties
[16:02:59] [Server thread/INFO]: Default game type: SURVIVAL
[16:02:59] [Server thread/INFO]: Generating keypair
[16:02:59] [Server thread/INFO]: Starting Minecraft server on *:25565
[16:02:59] [Server thread/INFO]: Using epoll channel type
[16:02:59] [Server thread/WARN]: **** SERVER IS RUNNING IN OFFLINE/INSECURE MODE!
[16:02:59] [Server thread/WARN]: The server will make no attempt to authenticate usernames. Beware.
[16:02:59] [Server thread/WARN]: While this makes the game possible to play without internet access, it also opens up the ability for hackers to connect with any username they choose.
[16:02:59] [Server thread/WARN]: To change this, set "online-mode" to "true" in the server.properties file.
[16:02:59] [Server thread/INFO]: Preparing level "world"
[16:03:05] [Server thread/INFO]: Preparing start region for dimension minecraft:overworld
[16:03:05] [Worker-Main-1/INFO]: Preparing spawn area: 0%
[16:03:05] [Worker-Main-1/INFO]: Preparing spawn area: 0%
[16:03:06] [Worker-Main-1/INFO]: Preparing spawn area: 0%
[16:03:06] [Worker-Main-1/INFO]: Preparing spawn area: 0%
[16:03:07] [Worker-Main-3/INFO]: Preparing spawn area: 0%
[16:03:07] [Worker-Main-2/INFO]: Preparing spawn area: 1%
[16:03:08] [Worker-Main-3/INFO]: Preparing spawn area: 1%
[16:03:08] [Worker-Main-1/INFO]: Preparing spawn area: 2%
[16:03:09] [Worker-Main-1/INFO]: Preparing spawn area: 3%
[16:03:09] [Worker-Main-3/INFO]: Preparing spawn area: 4%
[16:03:10] [Worker-Main-2/INFO]: Preparing spawn area: 5%
[16:03:10] [Worker-Main-2/INFO]: Preparing spawn area: 6%
[16:03:11] [Worker-Main-2/INFO]: Preparing spawn area: 9%
[16:03:11] [Worker-Main-2/INFO]: Preparing spawn area: 10%
[16:03:12] [Worker-Main-3/INFO]: Preparing spawn area: 11%
[16:03:12] [Worker-Main-3/INFO]: Preparing spawn area: 13%
[16:03:13] [Worker-Main-1/INFO]: Preparing spawn area: 15%
[16:03:13] [Worker-Main-1/INFO]: Preparing spawn area: 16%
[16:03:14] [Worker-Main-1/INFO]: Preparing spawn area: 19%
[16:03:14] [Worker-Main-1/INFO]: Preparing spawn area: 21%
[16:03:15] [Worker-Main-1/INFO]: Preparing spawn area: 23%
[16:03:15] [Worker-Main-3/INFO]: Preparing spawn area: 24%
[16:03:16] [Worker-Main-2/INFO]: Preparing spawn area: 28%
[16:03:17] [Worker-Main-1/INFO]: Preparing spawn area: 31%
[16:03:17] [Worker-Main-1/INFO]: Preparing spawn area: 31%
[16:03:17] [Worker-Main-2/INFO]: Preparing spawn area: 31%
[16:03:18] [Worker-Main-2/INFO]: Preparing spawn area: 34%
[16:03:18] [Worker-Main-1/INFO]: Preparing spawn area: 36%
[16:03:19] [Worker-Main-2/INFO]: Preparing spawn area: 40%
[16:03:19] [Worker-Main-1/INFO]: Preparing spawn area: 43%
[16:03:20] [Worker-Main-3/INFO]: Preparing spawn area: 44%
[16:03:20] [Worker-Main-3/INFO]: Preparing spawn area: 47%
[16:03:21] [Worker-Main-3/INFO]: Preparing spawn area: 50%
[16:03:21] [Worker-Main-2/INFO]: Preparing spawn area: 53%
[16:03:22] [Worker-Main-1/INFO]: Preparing spawn area: 56%
[16:03:22] [Worker-Main-1/INFO]: Preparing spawn area: 58%
[16:03:23] [Worker-Main-1/INFO]: Preparing spawn area: 62%
[16:03:23] [Worker-Main-3/INFO]: Preparing spawn area: 65%
[16:03:24] [Worker-Main-3/INFO]: Preparing spawn area: 68%
[16:03:24] [Worker-Main-2/INFO]: Preparing spawn area: 71%
[16:03:25] [Worker-Main-2/INFO]: Preparing spawn area: 74%
[16:03:25] [Worker-Main-3/INFO]: Preparing spawn area: 77%
[16:03:26] [Worker-Main-2/INFO]: Preparing spawn area: 80%
[16:03:26] [Worker-Main-3/INFO]: Preparing spawn area: 83%
[16:03:27] [Worker-Main-3/INFO]: Preparing spawn area: 85%
[16:03:27] [Worker-Main-2/INFO]: Preparing spawn area: 88%
[16:03:28] [Worker-Main-2/INFO]: Preparing spawn area: 91%
[16:03:28] [Worker-Main-1/INFO]: Preparing spawn area: 94%
[16:03:29] [Worker-Main-1/INFO]: Preparing spawn area: 97%
[16:03:29] [Server thread/INFO]: Time elapsed: 24255 ms
[16:03:29] [Server thread/INFO]: Done (30.014s)! For help, type "help"
[16:04:09] [Server thread/INFO]: Lucaruto9[/127.222.211.247:45365] logged in with entity id 336 at (-2.5, 77.0, 0.5)
[16:04:09] [Server thread/INFO]: Lucaruto9 joined the game
[16:05:49] [Server thread/INFO]: Lucaruto9 lost connection: Disconnected
[16:05:49] [Server thread/INFO]: Lucaruto9 left the game
[16:06:42] [Server thread/INFO]: Lucaruto9[/127.222.211.247:49771] logged in with entity id 700 at (2.673757806745539, 75.0, 26.135095643552926)
[16:06:42] [Server thread/INFO]: Lucaruto9 joined the game
[16:06:45] [Server thread/INFO]: Lucaruto9 lost connection: Disconnected
[16:06:45] [Server thread/INFO]: Lucaruto9 left the game
[16:11:56] [Server thread/INFO]: Lucaruto9[/127.222.211.247:56283] logged in with entity id 769 at (2.673757806745539, 75.0, 26.135095643552926)
[16:11:56] [Server thread/INFO]: Lucaruto9 joined the game
[16:14:44] [Server thread/INFO]: Lucaruto9 has made the advancement [Stone Age]
[16:14:58] [Server thread/INFO]: Lucaruto9 has made the advancement [Getting an Upgrade]
[16:15:56] [Server thread/INFO]: Lucaruto9 has made the advancement [Monster Hunter]
[16:29:40] [Server thread/INFO]: Lucaruto9 lost connection: Disconnected
[16:29:40] [Server thread/INFO]: Lucaruto9 left the game
[16:30:26] [Server thread/INFO]: Lucaruto9[/127.222.211.247:42009] logged in with entity id 7647 at (1020.2773525555511, 95.0, -1290.9403545791922)
[16:30:26] [Server thread/INFO]: Lucaruto9 joined the game
